<?xml version="1.0" encoding="UTF-8"?>
<testng-results ignored="0" total="2" passed="2" failed="0" skipped="0">
  <reporter-output>
    <line>
      <![CDATA[createCustomer]]>
    </line>
    <line>
      <![CDATA[deleteCustomer]]>
    </line>
  </reporter-output>
  <suite started-at="2023-08-25T22:24:10 PDT" name="Suite" finished-at="2023-08-25T22:24:10 PDT" duration-ms="132">
    <groups>
    </groups>
    <test started-at="2023-08-25T22:24:10 PDT" name="Test" finished-at="2023-08-25T22:24:10 PDT" duration-ms="132">
      <class name="com.actitime.testscript.CustomerModule">
        <test-method signature="createCustomer()[pri:0, instance:com.actitime.testscript.CustomerModule@5d7148e2]" started-at="2023-08-25T22:24:10 PDT" name="createCustomer" finished-at="2023-08-25T22:24:10 PDT" duration-ms="19" status="PASS">
          <reporter-output>
            <line>
              <![CDATA[createCustomer]]>
            </line>
          </reporter-output>
        </test-method> <!-- createCustomer -->
        <test-method signature="deleteCustomer()[pri:0, instance:com.actitime.testscript.CustomerModule@5d7148e2]" started-at="2023-08-25T22:24:10 PDT" name="deleteCustomer" finished-at="2023-08-25T22:24:10 PDT" duration-ms="3" status="PASS">
          <reporter-output>
            <line>
              <![CDATA[deleteCustomer]]>
            </line>
          </reporter-output>
        </test-method> <!-- deleteCustomer -->
      </class> <!-- com.actitime.testscript.CustomerModule -->
    </test> <!-- Test -->
  </suite> <!-- Suite -->
</testng-results>
